{"/Users/rajatpratapsingh/Desktop/devos/devos-orchestrator/src/cli/claude-code-session.ts": {"path":"/Users/rajatpratapsingh/Desktop/devos/devos-orchestrator/src/cli/claude-code-session.ts","statementMap":{"0":{"start":{"line":10,"column":0},"end":{"line":10,"column":52}},"1":{"start":{"line":11,"column":0},"end":{"line":11,"column":38}},"2":{"start":{"line":12,"column":0},"end":{"line":12,"column":37}},"3":{"start":{"line":13,"column":0},"end":{"line":13,"column":null}},"4":{"start":{"line":25,"column":26},"end":{"line":25,"column":30}},"5":{"start":{"line":38,"column":41},"end":{"line":38,"column":45}},"6":{"start":{"line":39,"column":34},"end":{"line":39,"column":40}},"7":{"start":{"line":40,"column":31},"end":{"line":40,"column":32}},"8":{"start":{"line":41,"column":43},"end":{"line":41,"column":45}},"9":{"start":{"line":42,"column":53},"end":{"line":42,"column":57}},"10":{"start":{"line":50,"column":4},"end":{"line":50,"column":12}},"11":{"start":{"line":51,"column":4},"end":{"line":51,"column":31}},"12":{"start":{"line":52,"column":4},"end":{"line":52,"column":27}},"13":{"start":{"line":53,"column":4},"end":{"line":53,"column":49}},"14":{"start":{"line":60,"column":4},"end":{"line":60,"column":26}},"15":{"start":{"line":67,"column":4},"end":{"line":67,"column":24}},"16":{"start":{"line":74,"column":4},"end":{"line":74,"column":23}},"17":{"start":{"line":81,"column":4},"end":{"line":81,"column":37}},"18":{"start":{"line":93,"column":4},"end":{"line":95,"column":5}},"19":{"start":{"line":94,"column":6},"end":{"line":94,"column":63}},"20":{"start":{"line":97,"column":51},"end":{"line":97,"column":58}},"21":{"start":{"line":101,"column":17},"end":{"line":101,"column":34}},"22":{"start":{"line":103,"column":4},"end":{"line":116,"column":5}},"23":{"start":{"line":104,"column":6},"end":{"line":112,"column":9}},"24":{"start":{"line":114,"column":6},"end":{"line":114,"column":63}},"25":{"start":{"line":115,"column":6},"end":{"line":115,"column":18}},"26":{"start":{"line":118,"column":4},"end":{"line":118,"column":28}},"27":{"start":{"line":119,"column":4},"end":{"line":119,"column":24}},"28":{"start":{"line":120,"column":4},"end":{"line":120,"column":27}},"29":{"start":{"line":122,"column":4},"end":{"line":122,"column":31}},"30":{"start":{"line":123,"column":4},"end":{"line":123,"column":37}},"31":{"start":{"line":125,"column":4},"end":{"line":125,"column":24}},"32":{"start":{"line":132,"column":4},"end":{"line":132,"column":30}},"33":{"start":{"line":132,"column":23},"end":{"line":132,"column":30}},"34":{"start":{"line":135,"column":4},"end":{"line":144,"column":5}},"35":{"start":{"line":136,"column":27},"end":{"line":139,"column":8}},"36":{"start":{"line":141,"column":6},"end":{"line":143,"column":9}},"37":{"start":{"line":142,"column":8},"end":{"line":142,"column":46}},"38":{"start":{"line":147,"column":4},"end":{"line":156,"column":5}},"39":{"start":{"line":148,"column":27},"end":{"line":151,"column":8}},"40":{"start":{"line":153,"column":6},"end":{"line":155,"column":9}},"41":{"start":{"line":154,"column":8},"end":{"line":154,"column":46}},"42":{"start":{"line":163,"column":4},"end":{"line":163,"column":30}},"43":{"start":{"line":163,"column":23},"end":{"line":163,"column":30}},"44":{"start":{"line":165,"column":4},"end":{"line":167,"column":7}},"45":{"start":{"line":166,"column":6},"end":{"line":166,"column":36}},"46":{"start":{"line":169,"column":4},"end":{"line":171,"column":7}},"47":{"start":{"line":170,"column":6},"end":{"line":170,"column":45}},"48":{"start":{"line":178,"column":4},"end":{"line":178,"column":22}},"49":{"start":{"line":180,"column":34},"end":{"line":187,"column":6}},"50":{"start":{"line":189,"column":4},"end":{"line":189,"column":28}},"51":{"start":{"line":190,"column":4},"end":{"line":190,"column":31}},"52":{"start":{"line":197,"column":4},"end":{"line":197,"column":34}},"53":{"start":{"line":200,"column":4},"end":{"line":202,"column":5}},"54":{"start":{"line":201,"column":6},"end":{"line":201,"column":32}},"55":{"start":{"line":209,"column":4},"end":{"line":209,"column":31}},"56":{"start":{"line":212,"column":38},"end":{"line":219,"column":6}},"57":{"start":{"line":221,"column":4},"end":{"line":221,"column":32}},"58":{"start":{"line":222,"column":4},"end":{"line":222,"column":35}},"59":{"start":{"line":225,"column":38},"end":{"line":229,"column":6}},"60":{"start":{"line":231,"column":4},"end":{"line":231,"column":38}},"61":{"start":{"line":234,"column":4},"end":{"line":237,"column":5}},"62":{"start":{"line":235,"column":6},"end":{"line":235,"column":44}},"63":{"start":{"line":236,"column":6},"end":{"line":236,"column":36}},"64":{"start":{"line":247,"column":4},"end":{"line":249,"column":5}},"65":{"start":{"line":248,"column":6},"end":{"line":248,"column":63}},"66":{"start":{"line":251,"column":4},"end":{"line":253,"column":5}},"67":{"start":{"line":252,"column":6},"end":{"line":252,"column":56}},"68":{"start":{"line":256,"column":41},"end":{"line":263,"column":6}},"69":{"start":{"line":265,"column":4},"end":{"line":265,"column":35}},"70":{"start":{"line":266,"column":4},"end":{"line":266,"column":38}},"71":{"start":{"line":268,"column":4},"end":{"line":276,"column":5}},"72":{"start":{"line":269,"column":6},"end":{"line":273,"column":9}},"73":{"start":{"line":270,"column":8},"end":{"line":272,"column":9}},"74":{"start":{"line":271,"column":10},"end":{"line":271,"column":80}},"75":{"start":{"line":275,"column":6},"end":{"line":275,"column":77}},"76":{"start":{"line":285,"column":4},"end":{"line":288,"column":5}},"77":{"start":{"line":286,"column":6},"end":{"line":286,"column":33}},"78":{"start":{"line":287,"column":6},"end":{"line":287,"column":13}},"79":{"start":{"line":290,"column":4},"end":{"line":313,"column":7}},"80":{"start":{"line":291,"column":50},"end":{"line":291,"column":54}},"81":{"start":{"line":294,"column":26},"end":{"line":299,"column":7}},"82":{"start":{"line":295,"column":8},"end":{"line":297,"column":9}},"83":{"start":{"line":296,"column":10},"end":{"line":296,"column":39}},"84":{"start":{"line":298,"column":8},"end":{"line":298,"column":18}},"85":{"start":{"line":302,"column":6},"end":{"line":302,"column":43}},"86":{"start":{"line":305,"column":6},"end":{"line":305,"column":36}},"87":{"start":{"line":308,"column":6},"end":{"line":312,"column":34}},"88":{"start":{"line":309,"column":8},"end":{"line":311,"column":9}},"89":{"start":{"line":310,"column":10},"end":{"line":310,"column":39}},"90":{"start":{"line":323,"column":18},"end":{"line":323,"column":82}},"91":{"start":{"line":324,"column":4},"end":{"line":324,"column":43}},"92":{"start":{"line":333,"column":4},"end":{"line":333,"column":32}},"93":{"start":{"line":342,"column":4},"end":{"line":342,"column":31}},"94":{"start":{"line":354,"column":38},"end":{"line":362,"column":6}},"95":{"start":{"line":364,"column":4},"end":{"line":364,"column":35}},"96":{"start":{"line":374,"column":4},"end":{"line":376,"column":5}},"97":{"start":{"line":375,"column":6},"end":{"line":375,"column":44}},"98":{"start":{"line":378,"column":4},"end":{"line":382,"column":19}},"99":{"start":{"line":379,"column":6},"end":{"line":381,"column":7}},"100":{"start":{"line":380,"column":8},"end":{"line":380,"column":19}},"101":{"start":{"line":389,"column":4},"end":{"line":392,"column":5}},"102":{"start":{"line":390,"column":6},"end":{"line":390,"column":44}},"103":{"start":{"line":391,"column":6},"end":{"line":391,"column":36}},"104":{"start":{"line":35,"column":0},"end":{"line":35,"column":13}}},"fnMap":{"0":{"name":"(anonymous_9)","decl":{"start":{"line":45,"column":2},"end":{"line":45,"column":null}},"loc":{"start":{"line":48,"column":74},"end":{"line":54,"column":3}}},"1":{"name":"(anonymous_10)","decl":{"start":{"line":59,"column":2},"end":{"line":59,"column":14}},"loc":{"start":{"line":59,"column":14},"end":{"line":61,"column":3}}},"2":{"name":"(anonymous_11)","decl":{"start":{"line":66,"column":2},"end":{"line":66,"column":12}},"loc":{"start":{"line":66,"column":12},"end":{"line":68,"column":3}}},"3":{"name":"(anonymous_12)","decl":{"start":{"line":73,"column":2},"end":{"line":73,"column":11}},"loc":{"start":{"line":73,"column":11},"end":{"line":75,"column":3}}},"4":{"name":"(anonymous_13)","decl":{"start":{"line":80,"column":2},"end":{"line":80,"column":8}},"loc":{"start":{"line":80,"column":8},"end":{"line":82,"column":3}}},"5":{"name":"(anonymous_14)","decl":{"start":{"line":92,"column":2},"end":{"line":92,"column":7}},"loc":{"start":{"line":92,"column":43},"end":{"line":126,"column":3}}},"6":{"name":"(anonymous_15)","decl":{"start":{"line":131,"column":10},"end":{"line":131,"column":29}},"loc":{"start":{"line":131,"column":29},"end":{"line":157,"column":3}}},"7":{"name":"(anonymous_16)","decl":{"start":{"line":141,"column":30},"end":{"line":141,"column":31}},"loc":{"start":{"line":141,"column":47},"end":{"line":143,"column":7}}},"8":{"name":"(anonymous_17)","decl":{"start":{"line":153,"column":30},"end":{"line":153,"column":31}},"loc":{"start":{"line":153,"column":47},"end":{"line":155,"column":7}}},"9":{"name":"(anonymous_18)","decl":{"start":{"line":162,"column":10},"end":{"line":162,"column":35}},"loc":{"start":{"line":162,"column":35},"end":{"line":172,"column":3}}},"10":{"name":"(anonymous_19)","decl":{"start":{"line":165,"column":28},"end":{"line":165,"column":29}},"loc":{"start":{"line":165,"column":83},"end":{"line":167,"column":5}}},"11":{"name":"(anonymous_20)","decl":{"start":{"line":169,"column":29},"end":{"line":169,"column":30}},"loc":{"start":{"line":169,"column":46},"end":{"line":171,"column":5}}},"12":{"name":"(anonymous_21)","decl":{"start":{"line":177,"column":10},"end":{"line":177,"column":26}},"loc":{"start":{"line":177,"column":69},"end":{"line":191,"column":3}}},"13":{"name":"(anonymous_22)","decl":{"start":{"line":196,"column":10},"end":{"line":196,"column":21}},"loc":{"start":{"line":196,"column":43},"end":{"line":203,"column":3}}},"14":{"name":"(anonymous_23)","decl":{"start":{"line":208,"column":10},"end":{"line":208,"column":20}},"loc":{"start":{"line":208,"column":71},"end":{"line":238,"column":3}}},"15":{"name":"(anonymous_24)","decl":{"start":{"line":246,"column":2},"end":{"line":246,"column":13}},"loc":{"start":{"line":246,"column":29},"end":{"line":277,"column":3}}},"16":{"name":"(anonymous_25)","decl":{"start":{"line":269,"column":47},"end":{"line":269,"column":48}},"loc":{"start":{"line":269,"column":57},"end":{"line":273,"column":7}}},"17":{"name":"(anonymous_26)","decl":{"start":{"line":284,"column":2},"end":{"line":284,"column":7}},"loc":{"start":{"line":284,"column":17},"end":{"line":314,"column":3}}},"18":{"name":"(anonymous_27)","decl":{"start":{"line":290,"column":29},"end":{"line":290,"column":30}},"loc":{"start":{"line":290,"column":41},"end":{"line":313,"column":5}}},"19":{"name":"(anonymous_28)","decl":{"start":{"line":294,"column":26},"end":{"line":294,"column":29}},"loc":{"start":{"line":294,"column":31},"end":{"line":299,"column":7}}},"20":{"name":"(anonymous_29)","decl":{"start":{"line":308,"column":34},"end":{"line":308,"column":37}},"loc":{"start":{"line":308,"column":39},"end":{"line":312,"column":7}}},"21":{"name":"(anonymous_30)","decl":{"start":{"line":322,"column":2},"end":{"line":322,"column":17}},"loc":{"start":{"line":322,"column":35},"end":{"line":325,"column":3}}},"22":{"name":"(anonymous_31)","decl":{"start":{"line":332,"column":2},"end":{"line":332,"column":10}},"loc":{"start":{"line":332,"column":52},"end":{"line":334,"column":3}}},"23":{"name":"(anonymous_32)","decl":{"start":{"line":341,"column":2},"end":{"line":341,"column":9}},"loc":{"start":{"line":341,"column":50},"end":{"line":343,"column":3}}},"24":{"name":"(anonymous_33)","decl":{"start":{"line":348,"column":10},"end":{"line":348,"column":19}},"loc":{"start":{"line":352,"column":19},"end":{"line":365,"column":3}}},"25":{"name":"(anonymous_34)","decl":{"start":{"line":373,"column":2},"end":{"line":373,"column":16}},"loc":{"start":{"line":373,"column":100},"end":{"line":383,"column":3}}},"26":{"name":"(anonymous_35)","decl":{"start":{"line":378,"column":41},"end":{"line":378,"column":44}},"loc":{"start":{"line":378,"column":46},"end":{"line":382,"column":5}}},"27":{"name":"(anonymous_36)","decl":{"start":{"line":388,"column":2},"end":{"line":388,"column":15}},"loc":{"start":{"line":388,"column":15},"end":{"line":393,"column":3}}}},"branchMap":{"0":{"loc":{"start":{"line":48,"column":4},"end":{"line":48,"column":74}},"type":"default-arg","locations":[{"start":{"line":48,"column":33},"end":{"line":48,"column":74}}]},"1":{"loc":{"start":{"line":81,"column":11},"end":{"line":81,"column":36}},"type":"binary-expr","locations":[{"start":{"line":81,"column":11},"end":{"line":81,"column":28}},{"start":{"line":81,"column":32},"end":{"line":81,"column":36}}]},"2":{"loc":{"start":{"line":93,"column":4},"end":{"line":95,"column":5}},"type":"if","locations":[{"start":{"line":93,"column":4},"end":{"line":95,"column":5}},{"start":{},"end":{}}]},"3":{"loc":{"start":{"line":93,"column":8},"end":{"line":93,"column":49}},"type":"binary-expr","locations":[{"start":{"line":93,"column":8},"end":{"line":93,"column":20}},{"start":{"line":93,"column":24},"end":{"line":93,"column":49}}]},"4":{"loc":{"start":{"line":97,"column":30},"end":{"line":97,"column":46}},"type":"default-arg","locations":[{"start":{"line":97,"column":44},"end":{"line":97,"column":46}}]},"5":{"loc":{"start":{"line":132,"column":4},"end":{"line":132,"column":30}},"type":"if","locations":[{"start":{"line":132,"column":4},"end":{"line":132,"column":30}},{"start":{},"end":{}}]},"6":{"loc":{"start":{"line":135,"column":4},"end":{"line":144,"column":5}},"type":"if","locations":[{"start":{"line":135,"column":4},"end":{"line":144,"column":5}},{"start":{},"end":{}}]},"7":{"loc":{"start":{"line":147,"column":4},"end":{"line":156,"column":5}},"type":"if","locations":[{"start":{"line":147,"column":4},"end":{"line":156,"column":5}},{"start":{},"end":{}}]},"8":{"loc":{"start":{"line":163,"column":4},"end":{"line":163,"column":30}},"type":"if","locations":[{"start":{"line":163,"column":4},"end":{"line":163,"column":30}},{"start":{},"end":{}}]},"9":{"loc":{"start":{"line":234,"column":4},"end":{"line":237,"column":5}},"type":"if","locations":[{"start":{"line":234,"column":4},"end":{"line":237,"column":5}},{"start":{},"end":{}}]},"10":{"loc":{"start":{"line":247,"column":4},"end":{"line":249,"column":5}},"type":"if","locations":[{"start":{"line":247,"column":4},"end":{"line":249,"column":5}},{"start":{},"end":{}}]},"11":{"loc":{"start":{"line":247,"column":8},"end":{"line":247,"column":50}},"type":"binary-expr","locations":[{"start":{"line":247,"column":8},"end":{"line":247,"column":21}},{"start":{"line":247,"column":25},"end":{"line":247,"column":50}}]},"12":{"loc":{"start":{"line":251,"column":4},"end":{"line":253,"column":5}},"type":"if","locations":[{"start":{"line":251,"column":4},"end":{"line":253,"column":5}},{"start":{},"end":{}}]},"13":{"loc":{"start":{"line":270,"column":8},"end":{"line":272,"column":9}},"type":"if","locations":[{"start":{"line":270,"column":8},"end":{"line":272,"column":9}},{"start":{},"end":{}}]},"14":{"loc":{"start":{"line":285,"column":4},"end":{"line":288,"column":5}},"type":"if","locations":[{"start":{"line":285,"column":4},"end":{"line":288,"column":5}},{"start":{},"end":{}}]},"15":{"loc":{"start":{"line":285,"column":8},"end":{"line":285,"column":53}},"type":"binary-expr","locations":[{"start":{"line":285,"column":8},"end":{"line":285,"column":21}},{"start":{"line":285,"column":25},"end":{"line":285,"column":53}}]},"16":{"loc":{"start":{"line":295,"column":8},"end":{"line":297,"column":9}},"type":"if","locations":[{"start":{"line":295,"column":8},"end":{"line":297,"column":9}},{"start":{},"end":{}}]},"17":{"loc":{"start":{"line":309,"column":8},"end":{"line":311,"column":9}},"type":"if","locations":[{"start":{"line":309,"column":8},"end":{"line":311,"column":9}},{"start":{},"end":{}}]},"18":{"loc":{"start":{"line":309,"column":12},"end":{"line":309,"column":56}},"type":"binary-expr","locations":[{"start":{"line":309,"column":12},"end":{"line":309,"column":24}},{"start":{"line":309,"column":28},"end":{"line":309,"column":56}}]},"19":{"loc":{"start":{"line":373,"column":39},"end":{"line":373,"column":100}},"type":"default-arg","locations":[{"start":{"line":373,"column":60},"end":{"line":373,"column":100}}]},"20":{"loc":{"start":{"line":374,"column":4},"end":{"line":376,"column":5}},"type":"if","locations":[{"start":{"line":374,"column":4},"end":{"line":376,"column":5}},{"start":{},"end":{}}]},"21":{"loc":{"start":{"line":379,"column":6},"end":{"line":381,"column":7}},"type":"if","locations":[{"start":{"line":379,"column":6},"end":{"line":381,"column":7}},{"start":{},"end":{}}]},"22":{"loc":{"start":{"line":389,"column":4},"end":{"line":392,"column":5}},"type":"if","locations":[{"start":{"line":389,"column":4},"end":{"line":392,"column":5}},{"start":{},"end":{}}]}},"s":{"0":4,"1":4,"2":4,"3":4,"4":4,"5":50,"6":50,"7":50,"8":50,"9":50,"10":50,"11":50,"12":50,"13":50,"14":4,"15":7,"16":10,"17":19,"18":45,"19":1,"20":44,"21":44,"22":44,"23":44,"24":1,"25":1,"26":43,"27":43,"28":43,"29":43,"30":43,"31":43,"32":43,"33":0,"34":43,"35":43,"36":43,"37":1,"38":43,"39":43,"40":43,"41":1,"42":43,"43":0,"44":43,"45":11,"46":43,"47":1,"48":2,"49":2,"50":2,"51":2,"52":20,"53":20,"54":0,"55":11,"56":11,"57":11,"58":11,"59":11,"60":11,"61":11,"62":3,"63":3,"64":8,"65":1,"66":7,"67":0,"68":7,"69":7,"70":7,"71":7,"72":7,"73":3,"74":0,"75":1,"76":8,"77":1,"78":1,"79":7,"80":7,"81":7,"82":7,"83":7,"84":7,"85":7,"86":7,"87":7,"88":1,"89":1,"90":3,"91":3,"92":0,"93":0,"94":2,"95":2,"96":16,"97":0,"98":16,"99":1,"100":1,"101":0,"102":0,"103":0,"104":4},"f":{"0":50,"1":4,"2":7,"3":10,"4":19,"5":45,"6":43,"7":1,"8":1,"9":43,"10":11,"11":1,"12":2,"13":20,"14":11,"15":8,"16":3,"17":8,"18":7,"19":7,"20":1,"21":3,"22":0,"23":0,"24":2,"25":16,"26":1,"27":0},"b":{"0":[34],"1":[19,1],"2":[1,44],"3":[45,1],"4":[44],"5":[0,43],"6":[43,0],"7":[43,0],"8":[0,43],"9":[3,8],"10":[1,7],"11":[8,7],"12":[0,7],"13":[0,3],"14":[1,7],"15":[8,7],"16":[7,0],"17":[1,0],"18":[1,1],"19":[0],"20":[0,16],"21":[1,0],"22":[0,0]}}
,"/Users/rajatpratapsingh/Desktop/devos/devos-orchestrator/src/cli/interfaces/cli-session.interfaces.ts": {"path":"/Users/rajatpratapsingh/Desktop/devos/devos-orchestrator/src/cli/interfaces/cli-session.interfaces.ts","statementMap":{"0":{"start":{"line":115,"column":13},"end":{"line":119,"column":11}},"1":{"start":{"line":124,"column":13},"end":{"line":131,"column":2}}},"fnMap":{},"branchMap":{},"s":{"0":9,"1":9},"f":{},"b":{}}
,"/Users/rajatpratapsingh/Desktop/devos/devos-orchestrator/src/cli/interfaces/index.ts": {"path":"/Users/rajatpratapsingh/Desktop/devos/devos-orchestrator/src/cli/interfaces/index.ts","statementMap":{"0":{"start":{"line":4,"column":0},"end":{"line":4,"column":null}},"1":{"start":{"line":15,"column":2},"end":{"line":15,"column":null}},"2":{"start":{"line":16,"column":2},"end":{"line":16,"column":null}}},"fnMap":{"0":{"name":"(anonymous_0)","decl":{"start":{"line":15,"column":2},"end":{"line":15,"column":20}},"loc":{"start":{"line":15,"column":2},"end":{"line":15,"column":null}}},"1":{"name":"(anonymous_1)","decl":{"start":{"line":16,"column":2},"end":{"line":16,"column":24}},"loc":{"start":{"line":16,"column":2},"end":{"line":16,"column":null}}}},"branchMap":{},"s":{"0":9,"1":149,"2":115},"f":{"0":140,"1":106},"b":{}}
,"/Users/rajatpratapsingh/Desktop/devos/devos-orchestrator/src/cli/services/cli-session-redis.service.ts": {"path":"/Users/rajatpratapsingh/Desktop/devos/devos-orchestrator/src/cli/services/cli-session-redis.service.ts","statementMap":{"0":{"start":{"line":11,"column":0},"end":{"line":11,"column":null}},"1":{"start":{"line":26,"column":4},"end":{"line":26,"column":23}},"2":{"start":{"line":27,"column":4},"end":{"line":27,"column":33}},"3":{"start":{"line":41,"column":23},"end":{"line":41,"column":75}},"4":{"start":{"line":42,"column":25},"end":{"line":42,"column":99}},"5":{"start":{"line":43,"column":21},"end":{"line":43,"column":77}},"6":{"start":{"line":46,"column":4},"end":{"line":57,"column":7}},"7":{"start":{"line":60,"column":4},"end":{"line":60,"column":57}},"8":{"start":{"line":63,"column":4},"end":{"line":63,"column":60}},"9":{"start":{"line":66,"column":4},"end":{"line":66,"column":55}},"10":{"start":{"line":76,"column":23},"end":{"line":76,"column":66}},"11":{"start":{"line":77,"column":17},"end":{"line":77,"column":53}},"12":{"start":{"line":80,"column":4},"end":{"line":82,"column":5}},"13":{"start":{"line":81,"column":6},"end":{"line":81,"column":18}},"14":{"start":{"line":85,"column":4},"end":{"line":96,"column":6}},"15":{"start":{"line":106,"column":21},"end":{"line":106,"column":53}},"16":{"start":{"line":108,"column":4},"end":{"line":110,"column":5}},"17":{"start":{"line":109,"column":6},"end":{"line":109,"column":13}},"18":{"start":{"line":112,"column":23},"end":{"line":112,"column":66}},"19":{"start":{"line":113,"column":25},"end":{"line":113,"column":99}},"20":{"start":{"line":114,"column":21},"end":{"line":114,"column":77}},"21":{"start":{"line":117,"column":4},"end":{"line":117,"column":37}},"22":{"start":{"line":120,"column":4},"end":{"line":120,"column":51}},"23":{"start":{"line":123,"column":4},"end":{"line":123,"column":35}},"24":{"start":{"line":132,"column":23},"end":{"line":132,"column":66}},"25":{"start":{"line":133,"column":16},"end":{"line":133,"column":40}},"26":{"start":{"line":135,"column":4},"end":{"line":135,"column":60}},"27":{"start":{"line":138,"column":4},"end":{"line":138,"column":57}},"28":{"start":{"line":148,"column":25},"end":{"line":148,"column":90}},"29":{"start":{"line":149,"column":4},"end":{"line":149,"column":51}},"30":{"start":{"line":159,"column":21},"end":{"line":159,"column":65}},"31":{"start":{"line":160,"column":4},"end":{"line":160,"column":27}},"32":{"start":{"line":170,"column":21},"end":{"line":170,"column":68}},"33":{"start":{"line":171,"column":4},"end":{"line":171,"column":42}},"34":{"start":{"line":181,"column":23},"end":{"line":181,"column":66}},"35":{"start":{"line":183,"column":4},"end":{"line":183,"column":56}},"36":{"start":{"line":186,"column":4},"end":{"line":188,"column":5}},"37":{"start":{"line":187,"column":6},"end":{"line":187,"column":82}},"38":{"start":{"line":198,"column":25},"end":{"line":198,"column":90}},"39":{"start":{"line":199,"column":4},"end":{"line":199,"column":51}},"40":{"start":{"line":209,"column":25},"end":{"line":209,"column":90}},"41":{"start":{"line":210,"column":4},"end":{"line":210,"column":51}},"42":{"start":{"line":220,"column":21},"end":{"line":220,"column":68}},"43":{"start":{"line":221,"column":4},"end":{"line":221,"column":46}},"44":{"start":{"line":230,"column":21},"end":{"line":230,"column":68}},"45":{"start":{"line":231,"column":4},"end":{"line":231,"column":35}},"46":{"start":{"line":240,"column":33},"end":{"line":240,"column":35}},"47":{"start":{"line":241,"column":17},"end":{"line":241,"column":20}},"48":{"start":{"line":243,"column":4},"end":{"line":259,"column":29}},"49":{"start":{"line":244,"column":33},"end":{"line":249,"column":null}},"50":{"start":{"line":252,"column":6},"end":{"line":252,"column":26}},"51":{"start":{"line":255,"column":6},"end":{"line":258,"column":7}},"52":{"start":{"line":256,"column":26},"end":{"line":256,"column":69}},"53":{"start":{"line":257,"column":8},"end":{"line":257,"column":35}},"54":{"start":{"line":261,"column":4},"end":{"line":261,"column":22}},"55":{"start":{"line":271,"column":23},"end":{"line":271,"column":66}},"56":{"start":{"line":272,"column":19},"end":{"line":272,"column":54}},"57":{"start":{"line":273,"column":4},"end":{"line":273,"column":24}},"58":{"start":{"line":21,"column":0},"end":{"line":21,"column":13}}},"fnMap":{"0":{"name":"(anonymous_0)","decl":{"start":{"line":25,"column":2},"end":{"line":25,"column":14}},"loc":{"start":{"line":25,"column":82},"end":{"line":28,"column":3}}},"1":{"name":"(anonymous_1)","decl":{"start":{"line":40,"column":2},"end":{"line":40,"column":7}},"loc":{"start":{"line":40,"column":49},"end":{"line":67,"column":3}}},"2":{"name":"(anonymous_2)","decl":{"start":{"line":75,"column":2},"end":{"line":75,"column":7}},"loc":{"start":{"line":75,"column":36},"end":{"line":97,"column":3}}},"3":{"name":"(anonymous_3)","decl":{"start":{"line":104,"column":2},"end":{"line":104,"column":7}},"loc":{"start":{"line":104,"column":39},"end":{"line":124,"column":3}}},"4":{"name":"(anonymous_4)","decl":{"start":{"line":131,"column":2},"end":{"line":131,"column":7}},"loc":{"start":{"line":131,"column":41},"end":{"line":139,"column":3}}},"5":{"name":"(anonymous_5)","decl":{"start":{"line":147,"column":2},"end":{"line":147,"column":7}},"loc":{"start":{"line":147,"column":48},"end":{"line":150,"column":3}}},"6":{"name":"(anonymous_6)","decl":{"start":{"line":158,"column":2},"end":{"line":158,"column":7}},"loc":{"start":{"line":158,"column":52},"end":{"line":161,"column":3}}},"7":{"name":"(anonymous_7)","decl":{"start":{"line":169,"column":2},"end":{"line":169,"column":7}},"loc":{"start":{"line":169,"column":41},"end":{"line":172,"column":3}}},"8":{"name":"(anonymous_8)","decl":{"start":{"line":180,"column":2},"end":{"line":180,"column":7}},"loc":{"start":{"line":180,"column":61},"end":{"line":189,"column":3}}},"9":{"name":"(anonymous_9)","decl":{"start":{"line":197,"column":2},"end":{"line":197,"column":7}},"loc":{"start":{"line":197,"column":68},"end":{"line":200,"column":3}}},"10":{"name":"(anonymous_10)","decl":{"start":{"line":208,"column":2},"end":{"line":208,"column":7}},"loc":{"start":{"line":208,"column":73},"end":{"line":211,"column":3}}},"11":{"name":"(anonymous_11)","decl":{"start":{"line":219,"column":2},"end":{"line":219,"column":7}},"loc":{"start":{"line":219,"column":60},"end":{"line":222,"column":3}}},"12":{"name":"(anonymous_12)","decl":{"start":{"line":229,"column":2},"end":{"line":229,"column":7}},"loc":{"start":{"line":229,"column":42},"end":{"line":232,"column":3}}},"13":{"name":"(anonymous_13)","decl":{"start":{"line":239,"column":2},"end":{"line":239,"column":7}},"loc":{"start":{"line":239,"column":24},"end":{"line":262,"column":3}}},"14":{"name":"(anonymous_14)","decl":{"start":{"line":270,"column":2},"end":{"line":270,"column":7}},"loc":{"start":{"line":270,"column":39},"end":{"line":274,"column":3}}}},"branchMap":{"0":{"loc":{"start":{"line":25,"column":28},"end":{"line":25,"column":82}},"type":"default-arg","locations":[{"start":{"line":25,"column":49},"end":{"line":25,"column":82}}]},"1":{"loc":{"start":{"line":56,"column":10},"end":{"line":56,"column":74}},"type":"binary-expr","locations":[{"start":{"line":56,"column":10},"end":{"line":56,"column":31}},{"start":{"line":56,"column":35},"end":{"line":56,"column":74}}]},"2":{"loc":{"start":{"line":80,"column":4},"end":{"line":82,"column":5}},"type":"if","locations":[{"start":{"line":80,"column":4},"end":{"line":82,"column":5}},{"start":{},"end":{}}]},"3":{"loc":{"start":{"line":80,"column":8},"end":{"line":80,"column":47}},"type":"binary-expr","locations":[{"start":{"line":80,"column":8},"end":{"line":80,"column":13}},{"start":{"line":80,"column":17},"end":{"line":80,"column":47}}]},"4":{"loc":{"start":{"line":95,"column":10},"end":{"line":95,"column":66}},"type":"binary-expr","locations":[{"start":{"line":95,"column":10},"end":{"line":95,"column":27}},{"start":{"line":95,"column":31},"end":{"line":95,"column":66}}]},"5":{"loc":{"start":{"line":108,"column":4},"end":{"line":110,"column":5}},"type":"if","locations":[{"start":{"line":108,"column":4},"end":{"line":110,"column":5}},{"start":{},"end":{}}]},"6":{"loc":{"start":{"line":186,"column":4},"end":{"line":188,"column":5}},"type":"if","locations":[{"start":{"line":186,"column":4},"end":{"line":188,"column":5}},{"start":{},"end":{}}]}},"s":{"0":4,"1":27,"2":27,"3":20,"4":20,"5":20,"6":20,"7":20,"8":20,"9":20,"10":14,"11":14,"12":14,"13":4,"14":10,"15":9,"16":9,"17":3,"18":6,"19":6,"20":6,"21":6,"22":6,"23":6,"24":3,"25":3,"26":3,"27":3,"28":20,"29":20,"30":18,"31":18,"32":2,"33":2,"34":2,"35":2,"36":2,"37":2,"38":0,"39":0,"40":0,"41":0,"42":0,"43":0,"44":0,"45":0,"46":3,"47":3,"48":3,"49":3,"50":3,"51":3,"52":4,"53":4,"54":3,"55":0,"56":0,"57":0,"58":4},"f":{"0":27,"1":20,"2":14,"3":9,"4":3,"5":20,"6":18,"7":2,"8":2,"9":0,"10":0,"11":0,"12":0,"13":3,"14":0},"b":{"0":[27],"1":[20,0],"2":[4,10],"3":[14,14],"4":[10,0],"5":[3,6],"6":[2,0]}}
,"/Users/rajatpratapsingh/Desktop/devos/devos-orchestrator/src/cli/services/health-monitor.service.ts": {"path":"/Users/rajatpratapsingh/Desktop/devos/devos-orchestrator/src/cli/services/health-monitor.service.ts","statementMap":{"0":{"start":{"line":10,"column":0},"end":{"line":10,"column":38}},"1":{"start":{"line":13,"column":0},"end":{"line":13,"column":null}},"2":{"start":{"line":41,"column":52},"end":{"line":41,"column":56}},"3":{"start":{"line":42,"column":31},"end":{"line":42,"column":36}},"4":{"start":{"line":50,"column":4},"end":{"line":50,"column":12}},"5":{"start":{"line":51,"column":4},"end":{"line":51,"column":37}},"6":{"start":{"line":52,"column":4},"end":{"line":52,"column":41}},"7":{"start":{"line":53,"column":4},"end":{"line":53,"column":41}},"8":{"start":{"line":54,"column":4},"end":{"line":54,"column":51}},"9":{"start":{"line":61,"column":4},"end":{"line":63,"column":5}},"10":{"start":{"line":62,"column":6},"end":{"line":62,"column":13}},"11":{"start":{"line":65,"column":4},"end":{"line":65,"column":26}},"12":{"start":{"line":68,"column":4},"end":{"line":68,"column":30}},"13":{"start":{"line":71,"column":4},"end":{"line":74,"column":6}},"14":{"start":{"line":72,"column":12},"end":{"line":72,"column":37}},"15":{"start":{"line":81,"column":4},"end":{"line":83,"column":5}},"16":{"start":{"line":82,"column":6},"end":{"line":82,"column":13}},"17":{"start":{"line":85,"column":4},"end":{"line":85,"column":27}},"18":{"start":{"line":87,"column":4},"end":{"line":90,"column":5}},"19":{"start":{"line":88,"column":6},"end":{"line":88,"column":43}},"20":{"start":{"line":89,"column":6},"end":{"line":89,"column":35}},"21":{"start":{"line":97,"column":4},"end":{"line":97,"column":26}},"22":{"start":{"line":104,"column":16},"end":{"line":104,"column":26}},"23":{"start":{"line":105,"column":24},"end":{"line":105,"column":25}},"24":{"start":{"line":106,"column":25},"end":{"line":106,"column":26}},"25":{"start":{"line":107,"column":24},"end":{"line":107,"column":25}},"26":{"start":{"line":108,"column":29},"end":{"line":108,"column":30}},"27":{"start":{"line":110,"column":4},"end":{"line":141,"column":5}},"28":{"start":{"line":112,"column":25},"end":{"line":112,"column":67}},"29":{"start":{"line":113,"column":6},"end":{"line":113,"column":40}},"30":{"start":{"line":116,"column":6},"end":{"line":138,"column":7}},"31":{"start":{"line":117,"column":25},"end":{"line":117,"column":70}},"32":{"start":{"line":119,"column":8},"end":{"line":121,"column":9}},"33":{"start":{"line":120,"column":10},"end":{"line":120,"column":19}},"34":{"start":{"line":123,"column":8},"end":{"line":126,"column":9}},"35":{"start":{"line":124,"column":10},"end":{"line":124,"column":31}},"36":{"start":{"line":125,"column":10},"end":{"line":125,"column":19}},"37":{"start":{"line":129,"column":30},"end":{"line":129,"column":72}},"38":{"start":{"line":130,"column":24},"end":{"line":130,"column":67}},"39":{"start":{"line":132,"column":8},"end":{"line":137,"column":9}},"40":{"start":{"line":133,"column":10},"end":{"line":133,"column":26}},"41":{"start":{"line":134,"column":10},"end":{"line":134,"column":50}},"42":{"start":{"line":136,"column":10},"end":{"line":136,"column":27}},"43":{"start":{"line":140,"column":6},"end":{"line":140,"column":51}},"44":{"start":{"line":143,"column":40},"end":{"line":150,"column":6}},"45":{"start":{"line":152,"column":4},"end":{"line":152,"column":47}},"46":{"start":{"line":154,"column":4},"end":{"line":154,"column":18}},"47":{"start":{"line":161,"column":4},"end":{"line":161,"column":37}},"48":{"start":{"line":170,"column":4},"end":{"line":173,"column":6}},"49":{"start":{"line":176,"column":4},"end":{"line":180,"column":7}},"50":{"start":{"line":182,"column":4},"end":{"line":200,"column":5}},"51":{"start":{"line":184,"column":6},"end":{"line":184,"column":69}},"52":{"start":{"line":186,"column":6},"end":{"line":189,"column":8}},"53":{"start":{"line":192,"column":6},"end":{"line":199,"column":7}},"54":{"start":{"line":193,"column":8},"end":{"line":193,"column":79}},"55":{"start":{"line":195,"column":8},"end":{"line":198,"column":10}},"56":{"start":{"line":207,"column":4},"end":{"line":207,"column":37}},"57":{"start":{"line":214,"column":4},"end":{"line":217,"column":6}},"58":{"start":{"line":36,"column":0},"end":{"line":36,"column":13}}},"fnMap":{"0":{"name":"(anonymous_0)","decl":{"start":{"line":44,"column":2},"end":{"line":44,"column":null}},"loc":{"start":{"line":48,"column":76},"end":{"line":55,"column":3}}},"1":{"name":"(anonymous_1)","decl":{"start":{"line":60,"column":2},"end":{"line":60,"column":7}},"loc":{"start":{"line":60,"column":7},"end":{"line":75,"column":3}}},"2":{"name":"(anonymous_2)","decl":{"start":{"line":72,"column":6},"end":{"line":72,"column":9}},"loc":{"start":{"line":72,"column":12},"end":{"line":72,"column":37}}},"3":{"name":"(anonymous_3)","decl":{"start":{"line":80,"column":2},"end":{"line":80,"column":6}},"loc":{"start":{"line":80,"column":6},"end":{"line":91,"column":3}}},"4":{"name":"(anonymous_4)","decl":{"start":{"line":96,"column":2},"end":{"line":96,"column":14}},"loc":{"start":{"line":96,"column":14},"end":{"line":98,"column":3}}},"5":{"name":"(anonymous_5)","decl":{"start":{"line":103,"column":2},"end":{"line":103,"column":7}},"loc":{"start":{"line":103,"column":26},"end":{"line":155,"column":3}}},"6":{"name":"(anonymous_6)","decl":{"start":{"line":160,"column":2},"end":{"line":160,"column":7}},"loc":{"start":{"line":160,"column":23},"end":{"line":162,"column":3}}},"7":{"name":"(anonymous_7)","decl":{"start":{"line":169,"column":10},"end":{"line":169,"column":15}},"loc":{"start":{"line":169,"column":63},"end":{"line":201,"column":3}}},"8":{"name":"(anonymous_8)","decl":{"start":{"line":206,"column":2},"end":{"line":206,"column":7}},"loc":{"start":{"line":206,"column":24},"end":{"line":208,"column":3}}},"9":{"name":"(anonymous_9)","decl":{"start":{"line":213,"column":2},"end":{"line":213,"column":11}},"loc":{"start":{"line":213,"column":11},"end":{"line":218,"column":3}}}},"branchMap":{"0":{"loc":{"start":{"line":47,"column":4},"end":{"line":47,"column":66}},"type":"default-arg","locations":[{"start":{"line":47,"column":29},"end":{"line":47,"column":66}}]},"1":{"loc":{"start":{"line":48,"column":4},"end":{"line":48,"column":76}},"type":"default-arg","locations":[{"start":{"line":48,"column":34},"end":{"line":48,"column":76}}]},"2":{"loc":{"start":{"line":61,"column":4},"end":{"line":63,"column":5}},"type":"if","locations":[{"start":{"line":61,"column":4},"end":{"line":63,"column":5}},{"start":{},"end":{}}]},"3":{"loc":{"start":{"line":81,"column":4},"end":{"line":83,"column":5}},"type":"if","locations":[{"start":{"line":81,"column":4},"end":{"line":83,"column":5}},{"start":{},"end":{}}]},"4":{"loc":{"start":{"line":87,"column":4},"end":{"line":90,"column":5}},"type":"if","locations":[{"start":{"line":87,"column":4},"end":{"line":90,"column":5}},{"start":{},"end":{}}]},"5":{"loc":{"start":{"line":119,"column":8},"end":{"line":121,"column":9}},"type":"if","locations":[{"start":{"line":119,"column":8},"end":{"line":121,"column":9}},{"start":{},"end":{}}]},"6":{"loc":{"start":{"line":123,"column":8},"end":{"line":126,"column":9}},"type":"if","locations":[{"start":{"line":123,"column":8},"end":{"line":126,"column":9}},{"start":{},"end":{}}]},"7":{"loc":{"start":{"line":132,"column":8},"end":{"line":137,"column":9}},"type":"if","locations":[{"start":{"line":132,"column":8},"end":{"line":137,"column":9}},{"start":{"line":135,"column":15},"end":{"line":137,"column":9}}]}},"s":{"0":2,"1":2,"2":24,"3":24,"4":24,"5":24,"6":24,"7":24,"8":24,"9":7,"10":1,"11":6,"12":6,"13":6,"14":1,"15":26,"16":20,"17":6,"18":6,"19":6,"20":6,"21":3,"22":19,"23":19,"24":19,"25":19,"26":19,"27":19,"28":19,"29":18,"30":18,"31":9,"32":9,"33":0,"34":9,"35":1,"36":1,"37":8,"38":8,"39":8,"40":5,"41":5,"42":3,"43":1,"44":19,"45":19,"46":19,"47":2,"48":5,"49":5,"50":5,"51":5,"52":1,"53":1,"54":1,"55":0,"56":1,"57":1,"58":2},"f":{"0":24,"1":7,"2":1,"3":26,"4":3,"5":19,"6":2,"7":5,"8":1,"9":1},"b":{"0":[7],"1":[7],"2":[1,6],"3":[20,6],"4":[6,0],"5":[0,9],"6":[1,8],"7":[5,3]}}
,"/Users/rajatpratapsingh/Desktop/devos/devos-orchestrator/src/cli/services/session-manager.service.ts": {"path":"/Users/rajatpratapsingh/Desktop/devos/devos-orchestrator/src/cli/services/session-manager.service.ts","statementMap":{"0":{"start":{"line":10,"column":0},"end":{"line":10,"column":36}},"1":{"start":{"line":11,"column":0},"end":{"line":11,"column":59}},"2":{"start":{"line":13,"column":0},"end":{"line":13,"column":null}},"3":{"start":{"line":30,"column":62},"end":{"line":30,"column":71}},"4":{"start":{"line":31,"column":57},"end":{"line":31,"column":66}},"5":{"start":{"line":39,"column":4},"end":{"line":39,"column":37}},"6":{"start":{"line":40,"column":4},"end":{"line":40,"column":59}},"7":{"start":{"line":62,"column":25},"end":{"line":62,"column":86}},"8":{"start":{"line":63,"column":4},"end":{"line":67,"column":5}},"9":{"start":{"line":64,"column":6},"end":{"line":66,"column":8}},"10":{"start":{"line":70,"column":22},"end":{"line":70,"column":30}},"11":{"start":{"line":73,"column":20},"end":{"line":76,"column":null}},"12":{"start":{"line":80,"column":4},"end":{"line":82,"column":7}},"13":{"start":{"line":85,"column":16},"end":{"line":85,"column":40}},"14":{"start":{"line":86,"column":41},"end":{"line":96,"column":6}},"15":{"start":{"line":99,"column":4},"end":{"line":99,"column":51}},"16":{"start":{"line":102,"column":4},"end":{"line":102,"column":42}},"17":{"start":{"line":103,"column":4},"end":{"line":103,"column":48}},"18":{"start":{"line":106,"column":4},"end":{"line":109,"column":6}},"19":{"start":{"line":107,"column":12},"end":{"line":107,"column":43}},"20":{"start":{"line":112,"column":4},"end":{"line":114,"column":7}},"21":{"start":{"line":113,"column":6},"end":{"line":113,"column":56}},"22":{"start":{"line":116,"column":4},"end":{"line":116,"column":19}},"23":{"start":{"line":126,"column":4},"end":{"line":126,"column":48}},"24":{"start":{"line":136,"column":22},"end":{"line":136,"column":54}},"25":{"start":{"line":137,"column":4},"end":{"line":139,"column":5}},"26":{"start":{"line":138,"column":6},"end":{"line":138,"column":18}},"27":{"start":{"line":140,"column":4},"end":{"line":140,"column":48}},"28":{"start":{"line":149,"column":4},"end":{"line":149,"column":46}},"29":{"start":{"line":158,"column":20},"end":{"line":158,"column":48}},"30":{"start":{"line":160,"column":4},"end":{"line":162,"column":5}},"31":{"start":{"line":161,"column":6},"end":{"line":161,"column":13}},"32":{"start":{"line":165,"column":4},"end":{"line":165,"column":30}},"33":{"start":{"line":169,"column":4},"end":{"line":169,"column":63}},"34":{"start":{"line":176,"column":47},"end":{"line":176,"column":49}},"35":{"start":{"line":178,"column":4},"end":{"line":184,"column":5}},"36":{"start":{"line":179,"column":6},"end":{"line":183,"column":8}},"37":{"start":{"line":181,"column":10},"end":{"line":181,"column":63}},"38":{"start":{"line":186,"column":4},"end":{"line":186,"column":41}},"39":{"start":{"line":189,"column":4},"end":{"line":189,"column":26}},"40":{"start":{"line":190,"column":4},"end":{"line":190,"column":32}},"41":{"start":{"line":197,"column":4},"end":{"line":197,"column":30}},"42":{"start":{"line":206,"column":4},"end":{"line":210,"column":5}},"43":{"start":{"line":207,"column":6},"end":{"line":207,"column":57}},"44":{"start":{"line":209,"column":6},"end":{"line":209,"column":83}},"45":{"start":{"line":223,"column":20},"end":{"line":223,"column":48}},"46":{"start":{"line":224,"column":4},"end":{"line":226,"column":5}},"47":{"start":{"line":225,"column":6},"end":{"line":225,"column":13}},"48":{"start":{"line":228,"column":4},"end":{"line":228,"column":63}},"49":{"start":{"line":239,"column":4},"end":{"line":239,"column":36}},"50":{"start":{"line":240,"column":4},"end":{"line":240,"column":40}},"51":{"start":{"line":243,"column":4},"end":{"line":247,"column":5}},"52":{"start":{"line":244,"column":6},"end":{"line":244,"column":55}},"53":{"start":{"line":246,"column":6},"end":{"line":246,"column":80}},"54":{"start":{"line":29,"column":0},"end":{"line":29,"column":13}}},"fnMap":{"0":{"name":"(anonymous_0)","decl":{"start":{"line":35,"column":2},"end":{"line":35,"column":null}},"loc":{"start":{"line":37,"column":46},"end":{"line":41,"column":3}}},"1":{"name":"(anonymous_1)","decl":{"start":{"line":54,"column":2},"end":{"line":54,"column":7}},"loc":{"start":{"line":59,"column":29},"end":{"line":117,"column":3}}},"2":{"name":"(anonymous_2)","decl":{"start":{"line":107,"column":6},"end":{"line":107,"column":9}},"loc":{"start":{"line":107,"column":12},"end":{"line":107,"column":43}}},"3":{"name":"(anonymous_3)","decl":{"start":{"line":112,"column":29},"end":{"line":112,"column":30}},"loc":{"start":{"line":112,"column":59},"end":{"line":114,"column":5}}},"4":{"name":"(anonymous_4)","decl":{"start":{"line":125,"column":2},"end":{"line":125,"column":12}},"loc":{"start":{"line":125,"column":30},"end":{"line":127,"column":3}}},"5":{"name":"(anonymous_5)","decl":{"start":{"line":135,"column":2},"end":{"line":135,"column":19}},"loc":{"start":{"line":135,"column":35},"end":{"line":141,"column":3}}},"6":{"name":"(anonymous_6)","decl":{"start":{"line":148,"column":2},"end":{"line":148,"column":16}},"loc":{"start":{"line":148,"column":16},"end":{"line":150,"column":3}}},"7":{"name":"(anonymous_7)","decl":{"start":{"line":157,"column":2},"end":{"line":157,"column":7}},"loc":{"start":{"line":157,"column":42},"end":{"line":170,"column":3}}},"8":{"name":"(anonymous_8)","decl":{"start":{"line":175,"column":2},"end":{"line":175,"column":7}},"loc":{"start":{"line":175,"column":28},"end":{"line":191,"column":3}}},"9":{"name":"(anonymous_9)","decl":{"start":{"line":180,"column":33},"end":{"line":180,"column":36}},"loc":{"start":{"line":180,"column":38},"end":{"line":182,"column":9}}},"10":{"name":"(anonymous_10)","decl":{"start":{"line":196,"column":2},"end":{"line":196,"column":11}},"loc":{"start":{"line":196,"column":11},"end":{"line":198,"column":3}}},"11":{"name":"(anonymous_11)","decl":{"start":{"line":205,"column":10},"end":{"line":205,"column":15}},"loc":{"start":{"line":205,"column":49},"end":{"line":211,"column":3}}},"12":{"name":"(anonymous_12)","decl":{"start":{"line":219,"column":10},"end":{"line":219,"column":15}},"loc":{"start":{"line":221,"column":29},"end":{"line":229,"column":3}}},"13":{"name":"(anonymous_13)","decl":{"start":{"line":237,"column":10},"end":{"line":237,"column":15}},"loc":{"start":{"line":237,"column":65},"end":{"line":248,"column":3}}}},"branchMap":{"0":{"loc":{"start":{"line":37,"column":4},"end":{"line":37,"column":46}},"type":"default-arg","locations":[{"start":{"line":37,"column":44},"end":{"line":37,"column":46}}]},"1":{"loc":{"start":{"line":63,"column":4},"end":{"line":67,"column":5}},"type":"if","locations":[{"start":{"line":63,"column":4},"end":{"line":67,"column":5}},{"start":{},"end":{}}]},"2":{"loc":{"start":{"line":81,"column":24},"end":{"line":81,"column":57}},"type":"binary-expr","locations":[{"start":{"line":81,"column":24},"end":{"line":81,"column":40}},{"start":{"line":81,"column":44},"end":{"line":81,"column":57}}]},"3":{"loc":{"start":{"line":91,"column":11},"end":{"line":91,"column":32}},"type":"binary-expr","locations":[{"start":{"line":91,"column":11},"end":{"line":91,"column":27}},{"start":{"line":91,"column":31},"end":{"line":91,"column":32}}]},"4":{"loc":{"start":{"line":126,"column":11},"end":{"line":126,"column":47}},"type":"binary-expr","locations":[{"start":{"line":126,"column":11},"end":{"line":126,"column":39}},{"start":{"line":126,"column":43},"end":{"line":126,"column":47}}]},"5":{"loc":{"start":{"line":137,"column":4},"end":{"line":139,"column":5}},"type":"if","locations":[{"start":{"line":137,"column":4},"end":{"line":139,"column":5}},{"start":{},"end":{}}]},"6":{"loc":{"start":{"line":140,"column":11},"end":{"line":140,"column":47}},"type":"binary-expr","locations":[{"start":{"line":140,"column":11},"end":{"line":140,"column":39}},{"start":{"line":140,"column":43},"end":{"line":140,"column":47}}]},"7":{"loc":{"start":{"line":160,"column":4},"end":{"line":162,"column":5}},"type":"if","locations":[{"start":{"line":160,"column":4},"end":{"line":162,"column":5}},{"start":{},"end":{}}]},"8":{"loc":{"start":{"line":224,"column":4},"end":{"line":226,"column":5}},"type":"if","locations":[{"start":{"line":224,"column":4},"end":{"line":226,"column":5}},{"start":{},"end":{}}]}},"s":{"0":3,"1":3,"2":3,"3":30,"4":30,"5":30,"6":30,"7":36,"8":36,"9":3,"10":33,"11":33,"12":33,"13":33,"14":33,"15":33,"16":33,"17":33,"18":33,"19":2,"20":33,"21":4,"22":33,"23":4,"24":4,"25":4,"26":1,"27":3,"28":5,"29":6,"30":6,"31":2,"32":4,"33":4,"34":3,"35":3,"36":5,"37":5,"38":3,"39":3,"40":3,"41":0,"42":2,"43":2,"44":0,"45":4,"46":4,"47":0,"48":4,"49":13,"50":13,"51":13,"52":13,"53":0,"54":3},"f":{"0":30,"1":36,"2":2,"3":4,"4":4,"5":4,"6":5,"7":6,"8":3,"9":5,"10":0,"11":2,"12":4,"13":13},"b":{"0":[29],"1":[3,33],"2":[33,33],"3":[33,0],"4":[4,3],"5":[1,3],"6":[3,0],"7":[2,4],"8":[0,4]}}
}
