TN:
SF:src/cli/claude-code-session.ts
FN:45,(anonymous_9)
FN:59,(anonymous_10)
FN:66,(anonymous_11)
FN:73,(anonymous_12)
FN:80,(anonymous_13)
FN:92,(anonymous_14)
FN:131,(anonymous_15)
FN:141,(anonymous_16)
FN:153,(anonymous_17)
FN:162,(anonymous_18)
FN:165,(anonymous_19)
FN:169,(anonymous_20)
FN:177,(anonymous_21)
FN:196,(anonymous_22)
FN:208,(anonymous_23)
FN:246,(anonymous_24)
FN:269,(anonymous_25)
FN:284,(anonymous_26)
FN:290,(anonymous_27)
FN:294,(anonymous_28)
FN:308,(anonymous_29)
FN:322,(anonymous_30)
FN:332,(anonymous_31)
FN:341,(anonymous_32)
FN:348,(anonymous_33)
FN:373,(anonymous_34)
FN:378,(anonymous_35)
FN:388,(anonymous_36)
FNF:28
FNH:25
FNDA:50,(anonymous_9)
FNDA:4,(anonymous_10)
FNDA:7,(anonymous_11)
FNDA:10,(anonymous_12)
FNDA:19,(anonymous_13)
FNDA:45,(anonymous_14)
FNDA:43,(anonymous_15)
FNDA:1,(anonymous_16)
FNDA:1,(anonymous_17)
FNDA:43,(anonymous_18)
FNDA:11,(anonymous_19)
FNDA:1,(anonymous_20)
FNDA:2,(anonymous_21)
FNDA:20,(anonymous_22)
FNDA:11,(anonymous_23)
FNDA:8,(anonymous_24)
FNDA:3,(anonymous_25)
FNDA:8,(anonymous_26)
FNDA:7,(anonymous_27)
FNDA:7,(anonymous_28)
FNDA:1,(anonymous_29)
FNDA:3,(anonymous_30)
FNDA:0,(anonymous_31)
FNDA:0,(anonymous_32)
FNDA:2,(anonymous_33)
FNDA:16,(anonymous_34)
FNDA:1,(anonymous_35)
FNDA:0,(anonymous_36)
DA:10,4
DA:11,4
DA:12,4
DA:13,4
DA:25,4
DA:35,4
DA:38,50
DA:39,50
DA:40,50
DA:41,50
DA:42,50
DA:50,50
DA:51,50
DA:52,50
DA:53,50
DA:60,4
DA:67,7
DA:74,10
DA:81,19
DA:93,45
DA:94,1
DA:97,44
DA:101,44
DA:103,44
DA:104,44
DA:114,1
DA:115,1
DA:118,43
DA:119,43
DA:120,43
DA:122,43
DA:123,43
DA:125,43
DA:132,43
DA:135,43
DA:136,43
DA:141,43
DA:142,1
DA:147,43
DA:148,43
DA:153,43
DA:154,1
DA:163,43
DA:165,43
DA:166,11
DA:169,43
DA:170,1
DA:178,2
DA:180,2
DA:189,2
DA:190,2
DA:197,20
DA:200,20
DA:201,0
DA:209,11
DA:212,11
DA:221,11
DA:222,11
DA:225,11
DA:231,11
DA:234,11
DA:235,3
DA:236,3
DA:247,8
DA:248,1
DA:251,7
DA:252,0
DA:256,7
DA:265,7
DA:266,7
DA:268,7
DA:269,7
DA:270,3
DA:271,0
DA:275,1
DA:285,8
DA:286,1
DA:287,1
DA:290,7
DA:291,7
DA:294,7
DA:295,7
DA:296,7
DA:298,7
DA:302,7
DA:305,7
DA:308,7
DA:309,1
DA:310,1
DA:323,3
DA:324,3
DA:333,0
DA:342,0
DA:354,2
DA:364,2
DA:374,16
DA:375,0
DA:378,16
DA:379,1
DA:380,1
DA:389,0
DA:390,0
DA:391,0
LF:103
LH:94
BRDA:48,0,0,34
BRDA:81,1,0,19
BRDA:81,1,1,1
BRDA:93,2,0,1
BRDA:93,2,1,44
BRDA:93,3,0,45
BRDA:93,3,1,1
BRDA:97,4,0,44
BRDA:132,5,0,0
BRDA:132,5,1,43
BRDA:135,6,0,43
BRDA:135,6,1,0
BRDA:147,7,0,43
BRDA:147,7,1,0
BRDA:163,8,0,0
BRDA:163,8,1,43
BRDA:234,9,0,3
BRDA:234,9,1,8
BRDA:247,10,0,1
BRDA:247,10,1,7
BRDA:247,11,0,8
BRDA:247,11,1,7
BRDA:251,12,0,0
BRDA:251,12,1,7
BRDA:270,13,0,0
BRDA:270,13,1,3
BRDA:285,14,0,1
BRDA:285,14,1,7
BRDA:285,15,0,8
BRDA:285,15,1,7
BRDA:295,16,0,7
BRDA:295,16,1,0
BRDA:309,17,0,1
BRDA:309,17,1,0
BRDA:309,18,0,1
BRDA:309,18,1,1
BRDA:373,19,0,0
BRDA:374,20,0,0
BRDA:374,20,1,16
BRDA:379,21,0,1
BRDA:379,21,1,0
BRDA:389,22,0,0
BRDA:389,22,1,0
BRF:43
BRH:30
end_of_record
TN:
SF:src/cli/interfaces/cli-session.interfaces.ts
FNF:0
FNH:0
DA:115,9
DA:124,9
LF:2
LH:2
BRF:0
BRH:0
end_of_record
TN:
SF:src/cli/interfaces/index.ts
FN:15,(anonymous_0)
FN:16,(anonymous_1)
FNF:2
FNH:2
FNDA:140,(anonymous_0)
FNDA:106,(anonymous_1)
DA:4,9
DA:15,149
DA:16,115
LF:3
LH:3
BRF:0
BRH:0
end_of_record
TN:
SF:src/cli/services/cli-session-redis.service.ts
FN:25,(anonymous_0)
FN:40,(anonymous_1)
FN:75,(anonymous_2)
FN:104,(anonymous_3)
FN:131,(anonymous_4)
FN:147,(anonymous_5)
FN:158,(anonymous_6)
FN:169,(anonymous_7)
FN:180,(anonymous_8)
FN:197,(anonymous_9)
FN:208,(anonymous_10)
FN:219,(anonymous_11)
FN:229,(anonymous_12)
FN:239,(anonymous_13)
FN:270,(anonymous_14)
FNF:15
FNH:10
FNDA:27,(anonymous_0)
FNDA:20,(anonymous_1)
FNDA:14,(anonymous_2)
FNDA:9,(anonymous_3)
FNDA:3,(anonymous_4)
FNDA:20,(anonymous_5)
FNDA:18,(anonymous_6)
FNDA:2,(anonymous_7)
FNDA:2,(anonymous_8)
FNDA:0,(anonymous_9)
FNDA:0,(anonymous_10)
FNDA:0,(anonymous_11)
FNDA:0,(anonymous_12)
FNDA:3,(anonymous_13)
FNDA:0,(anonymous_14)
DA:11,4
DA:21,4
DA:26,27
DA:27,27
DA:41,20
DA:42,20
DA:43,20
DA:46,20
DA:60,20
DA:63,20
DA:66,20
DA:76,14
DA:77,14
DA:80,14
DA:81,4
DA:85,10
DA:106,9
DA:108,9
DA:109,3
DA:112,6
DA:113,6
DA:114,6
DA:117,6
DA:120,6
DA:123,6
DA:132,3
DA:133,3
DA:135,3
DA:138,3
DA:148,20
DA:149,20
DA:159,18
DA:160,18
DA:170,2
DA:171,2
DA:181,2
DA:183,2
DA:186,2
DA:187,2
DA:198,0
DA:199,0
DA:209,0
DA:210,0
DA:220,0
DA:221,0
DA:230,0
DA:231,0
DA:240,3
DA:241,3
DA:243,3
DA:244,3
DA:252,3
DA:255,3
DA:256,4
DA:257,4
DA:261,3
DA:271,0
DA:272,0
DA:273,0
LF:59
LH:48
BRDA:25,0,0,27
BRDA:56,1,0,20
BRDA:56,1,1,0
BRDA:80,2,0,4
BRDA:80,2,1,10
BRDA:80,3,0,14
BRDA:80,3,1,14
BRDA:95,4,0,10
BRDA:95,4,1,0
BRDA:108,5,0,3
BRDA:108,5,1,6
BRDA:186,6,0,2
BRDA:186,6,1,0
BRF:13
BRH:10
end_of_record
TN:
SF:src/cli/services/health-monitor.service.ts
FN:44,(anonymous_0)
FN:60,(anonymous_1)
FN:72,(anonymous_2)
FN:80,(anonymous_3)
FN:96,(anonymous_4)
FN:103,(anonymous_5)
FN:160,(anonymous_6)
FN:169,(anonymous_7)
FN:206,(anonymous_8)
FN:213,(anonymous_9)
FNF:10
FNH:10
FNDA:24,(anonymous_0)
FNDA:7,(anonymous_1)
FNDA:1,(anonymous_2)
FNDA:26,(anonymous_3)
FNDA:3,(anonymous_4)
FNDA:19,(anonymous_5)
FNDA:2,(anonymous_6)
FNDA:5,(anonymous_7)
FNDA:1,(anonymous_8)
FNDA:1,(anonymous_9)
DA:10,2
DA:13,2
DA:36,2
DA:41,24
DA:42,24
DA:50,24
DA:51,24
DA:52,24
DA:53,24
DA:54,24
DA:61,7
DA:62,1
DA:65,6
DA:68,6
DA:71,6
DA:72,1
DA:81,26
DA:82,20
DA:85,6
DA:87,6
DA:88,6
DA:89,6
DA:97,3
DA:104,19
DA:105,19
DA:106,19
DA:107,19
DA:108,19
DA:110,19
DA:112,19
DA:113,18
DA:116,18
DA:117,9
DA:119,9
DA:120,0
DA:123,9
DA:124,1
DA:125,1
DA:129,8
DA:130,8
DA:132,8
DA:133,5
DA:134,5
DA:136,3
DA:140,1
DA:143,19
DA:152,19
DA:154,19
DA:161,2
DA:170,5
DA:176,5
DA:182,5
DA:184,5
DA:186,1
DA:192,1
DA:193,1
DA:195,0
DA:207,1
DA:214,1
LF:59
LH:57
BRDA:47,0,0,7
BRDA:48,1,0,7
BRDA:61,2,0,1
BRDA:61,2,1,6
BRDA:81,3,0,20
BRDA:81,3,1,6
BRDA:87,4,0,6
BRDA:87,4,1,0
BRDA:119,5,0,0
BRDA:119,5,1,9
BRDA:123,6,0,1
BRDA:123,6,1,8
BRDA:132,7,0,5
BRDA:132,7,1,3
BRF:14
BRH:12
end_of_record
TN:
SF:src/cli/services/session-manager.service.ts
FN:35,(anonymous_0)
FN:54,(anonymous_1)
FN:107,(anonymous_2)
FN:112,(anonymous_3)
FN:125,(anonymous_4)
FN:135,(anonymous_5)
FN:148,(anonymous_6)
FN:157,(anonymous_7)
FN:175,(anonymous_8)
FN:180,(anonymous_9)
FN:196,(anonymous_10)
FN:205,(anonymous_11)
FN:219,(anonymous_12)
FN:237,(anonymous_13)
FNF:14
FNH:13
FNDA:30,(anonymous_0)
FNDA:36,(anonymous_1)
FNDA:2,(anonymous_2)
FNDA:4,(anonymous_3)
FNDA:4,(anonymous_4)
FNDA:4,(anonymous_5)
FNDA:5,(anonymous_6)
FNDA:6,(anonymous_7)
FNDA:3,(anonymous_8)
FNDA:5,(anonymous_9)
FNDA:0,(anonymous_10)
FNDA:2,(anonymous_11)
FNDA:4,(anonymous_12)
FNDA:13,(anonymous_13)
DA:10,3
DA:11,3
DA:13,3
DA:29,3
DA:30,30
DA:31,30
DA:39,30
DA:40,30
DA:62,36
DA:63,36
DA:64,3
DA:70,33
DA:73,33
DA:80,33
DA:85,33
DA:86,33
DA:99,33
DA:102,33
DA:103,33
DA:106,33
DA:107,2
DA:112,33
DA:113,4
DA:116,33
DA:126,4
DA:136,4
DA:137,4
DA:138,1
DA:140,3
DA:149,5
DA:158,6
DA:160,6
DA:161,2
DA:165,4
DA:169,4
DA:176,3
DA:178,3
DA:179,5
DA:181,5
DA:186,3
DA:189,3
DA:190,3
DA:197,0
DA:206,2
DA:207,2
DA:209,0
DA:223,4
DA:224,4
DA:225,0
DA:228,4
DA:239,13
DA:240,13
DA:243,13
DA:244,13
DA:246,0
LF:55
LH:51
BRDA:37,0,0,29
BRDA:63,1,0,3
BRDA:63,1,1,33
BRDA:81,2,0,33
BRDA:81,2,1,33
BRDA:91,3,0,33
BRDA:91,3,1,0
BRDA:126,4,0,4
BRDA:126,4,1,3
BRDA:137,5,0,1
BRDA:137,5,1,3
BRDA:140,6,0,3
BRDA:140,6,1,0
BRDA:160,7,0,2
BRDA:160,7,1,4
BRDA:224,8,0,0
BRDA:224,8,1,4
BRF:17
BRH:14
end_of_record
